[debug] [2021-11-17T05:26:53.048Z] ----------------------------------------------------------------------
[debug] [2021-11-17T05:26:53.051Z] Command:       C:\Program Files\nodejs\node.exe C:\Users\Mehfooz-ur-Rehman\AppData\Roaming\npm\node_modules\firebase-tools\lib\bin\firebase.js deploy
[debug] [2021-11-17T05:26:53.052Z] CLI Version:   9.22.0
[debug] [2021-11-17T05:26:53.052Z] Platform:      win32
[debug] [2021-11-17T05:26:53.052Z] Node Version:  v16.13.0
[debug] [2021-11-17T05:26:53.077Z] Time:          Wed Nov 17 2021 10:26:53 GMT+0500 (Pakistan Standard Time)
[debug] [2021-11-17T05:26:53.077Z] ----------------------------------------------------------------------
[debug] 
[debug] [2021-11-17T05:26:53.171Z] > command requires scopes: ["email","openid","https://www.googleapis.com/auth/cloudplatformprojects.readonly","https://www.googleapis.com/auth/firebase","https://www.googleapis.com/auth/cloud-platform"]
[debug] [2021-11-17T05:26:53.172Z] > authorizing via signed-in user (mehfoozijaz786@gmail.com)
[debug] [2021-11-17T05:26:53.172Z] [iam] checking project peervest-web for permissions ["firebase.projects.get","firebasehosting.sites.update"]
[debug] [2021-11-17T05:26:53.181Z] > refreshing access token with scopes: ["email","https://www.googleapis.com/auth/cloud-platform","https://www.googleapis.com/auth/cloudplatformprojects.readonly","https://www.googleapis.com/auth/firebase","openid"]
[debug] [2021-11-17T05:26:53.182Z] >>> HTTP REQUEST POST https://www.googleapis.com/oauth2/v3/token  
 <request body omitted>
[debug] [2021-11-17T05:26:56.458Z] <<< HTTP RESPONSE 200 {"date":"Wed, 17 Nov 2021 05:26:54 GMT","cache-control":"no-cache, no-store, max-age=0, must-revalidate","expires":"Mon, 01 Jan 1990 00:00:00 GMT","pragma":"no-cache","content-type":"application/json; charset=utf-8","vary":"X-Origin, Referer, Origin,Accept-Encoding","server":"scaffolding on HTTPServer2","x-xss-protection":"0","x-frame-options":"SAMEORIGIN","x-content-type-options":"nosniff","alt-svc":"h3=\":443\"; ma=2592000,h3-29=\":443\"; ma=2592000,h3-Q050=\":443\"; ma=2592000,h3-Q046=\":443\"; ma=2592000,h3-Q043=\":443\"; ma=2592000,quic=\":443\"; ma=2592000; v=\"46,43\"","accept-ranges":"none","transfer-encoding":"chunked"}
[debug] [2021-11-17T05:26:56.509Z] >>> HTTP REQUEST POST https://cloudresourcemanager.googleapis.com/v1/projects/peervest-web:testIamPermissions  
 {"permissions":["firebase.projects.get","firebasehosting.sites.update"]}
[debug] [2021-11-17T05:27:01.055Z] <<< HTTP RESPONSE 200 {"content-type":"application/json; charset=UTF-8","vary":"X-Origin, Referer, Origin,Accept-Encoding","date":"Wed, 17 Nov 2021 05:26:58 GMT","server":"ESF","cache-control":"private","x-xss-protection":"0","x-frame-options":"SAMEORIGIN","x-content-type-options":"nosniff","server-timing":"gfet4t7; dur=1229","alt-svc":"h3=\":443\"; ma=2592000,h3-29=\":443\"; ma=2592000,h3-Q050=\":443\"; ma=2592000,h3-Q046=\":443\"; ma=2592000,h3-Q043=\":443\"; ma=2592000,quic=\":443\"; ma=2592000; v=\"46,43\"","accept-ranges":"none","transfer-encoding":"chunked"}
[debug] [2021-11-17T05:27:01.063Z] > refreshing access token with scopes: []
[debug] [2021-11-17T05:27:01.063Z] >>> HTTP REQUEST POST https://www.googleapis.com/oauth2/v3/token  
 <request body omitted>
[debug] [2021-11-17T05:27:04.068Z] <<< HTTP RESPONSE 200 {"pragma":"no-cache","date":"Wed, 17 Nov 2021 05:27:02 GMT","expires":"Mon, 01 Jan 1990 00:00:00 GMT","cache-control":"no-cache, no-store, max-age=0, must-revalidate","content-type":"application/json; charset=utf-8","vary":"X-Origin, Referer, Origin,Accept-Encoding","server":"scaffolding on HTTPServer2","x-xss-protection":"0","x-frame-options":"SAMEORIGIN","x-content-type-options":"nosniff","alt-svc":"h3=\":443\"; ma=2592000,h3-29=\":443\"; ma=2592000,h3-Q050=\":443\"; ma=2592000,h3-Q046=\":443\"; ma=2592000,h3-Q043=\":443\"; ma=2592000,quic=\":443\"; ma=2592000; v=\"46,43\"","accept-ranges":"none","transfer-encoding":"chunked"}
[debug] [2021-11-17T05:27:04.116Z] >>> [apiv2][query] GET https://firebase.googleapis.com/v1beta1/projects/peervest-web [none]
[debug] [2021-11-17T05:27:09.265Z] <<< [apiv2][status] GET https://firebase.googleapis.com/v1beta1/projects/peervest-web 200
[debug] [2021-11-17T05:27:09.266Z] <<< [apiv2][body] GET https://firebase.googleapis.com/v1beta1/projects/peervest-web {"projectId":"peervest-web","projectNumber":"233008310634","displayName":"peerwest","name":"projects/peervest-web","resources":{"hostingSite":"peervest-web"},"state":"ACTIVE"}
[info] 
[info] === Deploying to 'peervest-web'...
[info] 
[info] i  deploying hosting 
[debug] [2021-11-17T05:27:09.296Z] > refreshing access token with scopes: ["email","https://www.googleapis.com/auth/cloud-platform","https://www.googleapis.com/auth/cloudplatformprojects.readonly","https://www.googleapis.com/auth/firebase","openid"]
[debug] [2021-11-17T05:27:09.297Z] >>> HTTP REQUEST POST https://www.googleapis.com/oauth2/v3/token  
 <request body omitted>
[debug] [2021-11-17T05:27:11.798Z] <<< HTTP RESPONSE 200 {"date":"Wed, 17 Nov 2021 05:27:10 GMT","cache-control":"no-cache, no-store, max-age=0, must-revalidate","pragma":"no-cache","expires":"Mon, 01 Jan 1990 00:00:00 GMT","content-type":"application/json; charset=utf-8","vary":"X-Origin, Referer, Origin,Accept-Encoding","server":"scaffolding on HTTPServer2","x-xss-protection":"0","x-frame-options":"SAMEORIGIN","x-content-type-options":"nosniff","alt-svc":"h3=\":443\"; ma=2592000,h3-29=\":443\"; ma=2592000,h3-Q050=\":443\"; ma=2592000,h3-Q046=\":443\"; ma=2592000,h3-Q043=\":443\"; ma=2592000,quic=\":443\"; ma=2592000; v=\"46,43\"","accept-ranges":"none","transfer-encoding":"chunked"}
[debug] [2021-11-17T05:27:11.835Z] >>> HTTP REQUEST POST https://firebasehosting.googleapis.com/v1beta1/sites/peervest-web/versions  
 {"config":{"rewrites":[{"glob":"**","path":"/index.html"}]},"labels":{"deployment-tool":"cli-firebase"}}
[debug] [2021-11-17T05:27:15.826Z] <<< HTTP RESPONSE 200 {"content-type":"application/json; charset=UTF-8","vary":"X-Origin, Referer, Origin,Accept-Encoding","date":"Wed, 17 Nov 2021 05:27:14 GMT","server":"ESF","cache-control":"private","x-xss-protection":"0","x-frame-options":"SAMEORIGIN","x-content-type-options":"nosniff","alt-svc":"h3=\":443\"; ma=2592000,h3-29=\":443\"; ma=2592000,h3-Q050=\":443\"; ma=2592000,h3-Q046=\":443\"; ma=2592000,h3-Q043=\":443\"; ma=2592000,quic=\":443\"; ma=2592000; v=\"46,43\"","accept-ranges":"none","transfer-encoding":"chunked"}
[info] i  hosting[peervest-web]: beginning deploy... 
[info] i  hosting[peervest-web]: found 30 files in build 
[debug] [2021-11-17T05:27:16.124Z] > refreshing access token with scopes: []
[debug] [2021-11-17T05:27:16.125Z] >>> HTTP REQUEST POST https://www.googleapis.com/oauth2/v3/token  
 <request body omitted>
[debug] [2021-11-17T05:27:16.128Z] [hosting] hash cache [YnVpbGQ] stored for 30 files
[debug] [2021-11-17T05:27:16.129Z] [hosting][hash queue][FINAL] {"max":192,"min":15,"avg":84,"active":0,"complete":30,"success":30,"errored":0,"retried":0,"total":30,"elapsed":204}
[debug] [2021-11-17T05:27:18.115Z] <<< HTTP RESPONSE 200 {"expires":"Mon, 01 Jan 1990 00:00:00 GMT","cache-control":"no-cache, no-store, max-age=0, must-revalidate","pragma":"no-cache","date":"Wed, 17 Nov 2021 05:27:16 GMT","content-type":"application/json; charset=utf-8","vary":"X-Origin, Referer, Origin,Accept-Encoding","server":"scaffolding on HTTPServer2","x-xss-protection":"0","x-frame-options":"SAMEORIGIN","x-content-type-options":"nosniff","alt-svc":"h3=\":443\"; ma=2592000,h3-29=\":443\"; ma=2592000,h3-Q050=\":443\"; ma=2592000,h3-Q046=\":443\"; ma=2592000,h3-Q043=\":443\"; ma=2592000,quic=\":443\"; ma=2592000; v=\"46,43\"","accept-ranges":"none","transfer-encoding":"chunked"}
[debug] [2021-11-17T05:27:18.158Z] >>> [apiv2][query] POST https://firebasehosting.googleapis.com/v1beta1/sites/peervest-web/versions/278035ea772c82d6:populateFiles [none]
[debug] [2021-11-17T05:27:18.158Z] >>> [apiv2][body] POST https://firebasehosting.googleapis.com/v1beta1/sites/peervest-web/versions/278035ea772c82d6:populateFiles {"files":{"/logo.png":"80f332b3638a7f084d15f5da5f3197a8d99942727113615d475eeb8adfd602ff","/manifest.json":"151626b796d08eb5776ae3670bbdad382ca3b9addcc70621926de5cfda6807bb","/robots.txt":"bfe106a3fb878dc83461c86818bf74fc1bdc7f28538ba613cd3e775516ce8b49","/asset-manifest.json":"01731e42a9fe0dae5b558600942ccb29db9bb0f014c940b0b0565f8f7ca960aa","/index.html":"1ec0a7d044689f2fc67ce7d1e9f26d8c8a51c8d13fa848feab7bcd9870cb6042","/static/js/2.9dfe6b60.chunk.js.LICENSE.txt":"ff6e1e979db9369a9f7416a242049ffecf6a913bd1a6c3b5da956e28224606d9","/static/css/main.18b31139.chunk.css":"aa6ade63d8c45ebdd4a2ec93836cfffd0ee4929ed73bd958ea387b5a7bc2330e","/static/js/runtime-main.6d482690.js":"8586f9d8eed674f669a848c0febf0f4b34ac1a2dc6237c298097127699a7a467","/static/js/runtime-main.6d482690.js.map":"3bfc6b348dabf0bcab7ec0ae27d8bf86eded5eaad92f62e6914059a1c9453d24","/static/media/faq1.5beb742a.svg":"0fb98a11b30c8593bc250f064b095d7a0a9d82018362edb64358e14dbafa786e","/static/media/services1.5d334dea.svg":"75bceccf1e85f96e4a80d22e1c4b670ae7c1f40285b6b0e7ceb203ae078b2a19","/static/css/main.18b31139.chunk.css.map":"498da6a312fb82f235ec69410ed70974c7307731f5f26e16418770ea2ade723a","/static/media/container__our__team__wrapper__entry__img__3.7c46e8b6.png":"a5f7cbfe2569654f4d30f1110964e781880313214e182e5bf18b7444eaab0682","/static/media/aboutUsSvg.358915bc.svg":"25d3c3724f715e9633fda58dca32bbad1b17f99b8b0e220f969f91859731df3d","/static/media/whyChooseUsSvg.08ed705d.svg":"9ed6e436a8d61bbb0a803051b5aabf534e8eb20b36fc15b0b217042f084f294e","/static/media/container__our__team__wrapper__entry__img__1.988820bd.png":"d03e5ccd61dd8c22495f291b0b38afd3212accc1c183d560f7712ae6c84f8770","/static/media/container__our__team__wrapper__entry__img__2.156d245e.png":"9ea94854056422c95500f97f9fea30ebcc051bea585f37563fcd69cb08384d8f","/static/media/founderPic.2d540dbb.png":"4cc64682ee39ecf9bbb061d62b166363fdfd13099d84c1b338bb996b3431d5d2","/static/media/main__background.8bcc4228.jpg":"960e94f53087ac7d3a0b3b29b50682dbfefe3a5c60fde57eae260a40723c1f66","/static/media/startup__card__img.4006e439.png":"df33a29eba775cffb80099013309c88e6dad0c1b5ad0fa5296ad92e2155a03ef","/static/js/main.a1fae9c2.chunk.js":"9b1cec080c6c79da77859f251f2cdb1b6599b9b22f1c0e07cbfae5f877a86f0c","/static/media/partnerImg.bc322ac9.jpg":"0a3c2f37e4afe06fa99313be0fd60d906c933a465294c22338a39476e532b513","/static/media/co__founder__background.ab5f3deb.jpg":"d1f253a53c7a6540146335567b5e83b1bb44dd3399cb753472b594f02c4bba41","/static/js/2.9dfe6b60.chunk.js":"0ebebef4faeca162e0666d3ffc49892da3ce326b5a879c07b076fb245f5b6791","/static/media/contact__background.42396834.jpg":"50d140405787bdd7ae61593c8dd79db182226156737314d836dda793bdd02598","/static/js/main.a1fae9c2.chunk.js.map":"b4213830160fea32478e15435a20bb68966db74d9449076fb416c4b752ff75ee","/static/media/start__up__background.46b5a662.jpg":"17b32bb03575fef0dea4dbc6ef34fceae7be740efae92587c1c5dab209207ca7","/static/media/ourVisionSvg.c713e13f.svg":"32be98f51a85aeccc9d88756a88be82f8fae8be19fcdac1580b2c03987b8f6dd","/static/media/pattern.db3f12c5.png":"188e39be609b1943b1ef91c927c6b923fe9aa98fcf8a6d3e8527611f72d0a9d7","/static/js/2.9dfe6b60.chunk.js.map":"97da97f193010a2bfc36d27473d3300dfe56e4567d9f8e8b641a0e4b2509fe39"}}
[debug] [2021-11-17T05:27:23.384Z] <<< [apiv2][status] POST https://firebasehosting.googleapis.com/v1beta1/sites/peervest-web/versions/278035ea772c82d6:populateFiles 200
[debug] [2021-11-17T05:27:23.384Z] <<< [apiv2][body] POST https://firebasehosting.googleapis.com/v1beta1/sites/peervest-web/versions/278035ea772c82d6:populateFiles {"uploadRequiredHashes":["d03e5ccd61dd8c22495f291b0b38afd3212accc1c183d560f7712ae6c84f8770","a5f7cbfe2569654f4d30f1110964e781880313214e182e5bf18b7444eaab0682","01731e42a9fe0dae5b558600942ccb29db9bb0f014c940b0b0565f8f7ca960aa","9ea94854056422c95500f97f9fea30ebcc051bea585f37563fcd69cb08384d8f","b4213830160fea32478e15435a20bb68966db74d9449076fb416c4b752ff75ee","50d140405787bdd7ae61593c8dd79db182226156737314d836dda793bdd02598","df33a29eba775cffb80099013309c88e6dad0c1b5ad0fa5296ad92e2155a03ef","d1f253a53c7a6540146335567b5e83b1bb44dd3399cb753472b594f02c4bba41","4cc64682ee39ecf9bbb061d62b166363fdfd13099d84c1b338bb996b3431d5d2","188e39be609b1943b1ef91c927c6b923fe9aa98fcf8a6d3e8527611f72d0a9d7","960e94f53087ac7d3a0b3b29b50682dbfefe3a5c60fde57eae260a40723c1f66","498da6a312fb82f235ec69410ed70974c7307731f5f26e16418770ea2ade723a","0a3c2f37e4afe06fa99313be0fd60d906c933a465294c22338a39476e532b513","aa6ade63d8c45ebdd4a2ec93836cfffd0ee4929ed73bd958ea387b5a7bc2330e","9b1cec080c6c79da77859f251f2cdb1b6599b9b22f1c0e07cbfae5f877a86f0c","1ec0a7d044689f2fc67ce7d1e9f26d8c8a51c8d13fa848feab7bcd9870cb6042"],"uploadUrl":"https://upload-firebasehosting.googleapis.com/upload/sites/peervest-web/versions/278035ea772c82d6/files"}
[debug] [2021-11-17T05:27:23.407Z] >>> [apiv2][query] POST https://upload-firebasehosting.googleapis.com/upload/sites/peervest-web/versions/278035ea772c82d6/files/d03e5ccd61dd8c22495f291b0b38afd3212accc1c183d560f7712ae6c84f8770 [none]
[debug] [2021-11-17T05:27:23.407Z] >>> [apiv2][body] POST https://upload-firebasehosting.googleapis.com/upload/sites/peervest-web/versions/278035ea772c82d6/files/d03e5ccd61dd8c22495f291b0b38afd3212accc1c183d560f7712ae6c84f8770 [stream]
[debug] [2021-11-17T05:27:23.416Z] >>> [apiv2][query] POST https://upload-firebasehosting.googleapis.com/upload/sites/peervest-web/versions/278035ea772c82d6/files/a5f7cbfe2569654f4d30f1110964e781880313214e182e5bf18b7444eaab0682 [none]
[debug] [2021-11-17T05:27:23.417Z] >>> [apiv2][body] POST https://upload-firebasehosting.googleapis.com/upload/sites/peervest-web/versions/278035ea772c82d6/files/a5f7cbfe2569654f4d30f1110964e781880313214e182e5bf18b7444eaab0682 [stream]
[debug] [2021-11-17T05:27:23.423Z] >>> [apiv2][query] POST https://upload-firebasehosting.googleapis.com/upload/sites/peervest-web/versions/278035ea772c82d6/files/01731e42a9fe0dae5b558600942ccb29db9bb0f014c940b0b0565f8f7ca960aa [none]
[debug] [2021-11-17T05:27:23.424Z] >>> [apiv2][body] POST https://upload-firebasehosting.googleapis.com/upload/sites/peervest-web/versions/278035ea772c82d6/files/01731e42a9fe0dae5b558600942ccb29db9bb0f014c940b0b0565f8f7ca960aa [stream]
[debug] [2021-11-17T05:27:23.443Z] >>> [apiv2][query] POST https://upload-firebasehosting.googleapis.com/upload/sites/peervest-web/versions/278035ea772c82d6/files/9ea94854056422c95500f97f9fea30ebcc051bea585f37563fcd69cb08384d8f [none]
[debug] [2021-11-17T05:27:23.444Z] >>> [apiv2][body] POST https://upload-firebasehosting.googleapis.com/upload/sites/peervest-web/versions/278035ea772c82d6/files/9ea94854056422c95500f97f9fea30ebcc051bea585f37563fcd69cb08384d8f [stream]
[debug] [2021-11-17T05:27:23.454Z] >>> [apiv2][query] POST https://upload-firebasehosting.googleapis.com/upload/sites/peervest-web/versions/278035ea772c82d6/files/b4213830160fea32478e15435a20bb68966db74d9449076fb416c4b752ff75ee [none]
[debug] [2021-11-17T05:27:23.454Z] >>> [apiv2][body] POST https://upload-firebasehosting.googleapis.com/upload/sites/peervest-web/versions/278035ea772c82d6/files/b4213830160fea32478e15435a20bb68966db74d9449076fb416c4b752ff75ee [stream]
[debug] [2021-11-17T05:27:23.460Z] >>> [apiv2][query] POST https://upload-firebasehosting.googleapis.com/upload/sites/peervest-web/versions/278035ea772c82d6/files/50d140405787bdd7ae61593c8dd79db182226156737314d836dda793bdd02598 [none]
[debug] [2021-11-17T05:27:23.461Z] >>> [apiv2][body] POST https://upload-firebasehosting.googleapis.com/upload/sites/peervest-web/versions/278035ea772c82d6/files/50d140405787bdd7ae61593c8dd79db182226156737314d836dda793bdd02598 [stream]
[debug] [2021-11-17T05:27:23.465Z] >>> [apiv2][query] POST https://upload-firebasehosting.googleapis.com/upload/sites/peervest-web/versions/278035ea772c82d6/files/df33a29eba775cffb80099013309c88e6dad0c1b5ad0fa5296ad92e2155a03ef [none]
[debug] [2021-11-17T05:27:23.466Z] >>> [apiv2][body] POST https://upload-firebasehosting.googleapis.com/upload/sites/peervest-web/versions/278035ea772c82d6/files/df33a29eba775cffb80099013309c88e6dad0c1b5ad0fa5296ad92e2155a03ef [stream]
[debug] [2021-11-17T05:27:23.472Z] >>> [apiv2][query] POST https://upload-firebasehosting.googleapis.com/upload/sites/peervest-web/versions/278035ea772c82d6/files/d1f253a53c7a6540146335567b5e83b1bb44dd3399cb753472b594f02c4bba41 [none]
[debug] [2021-11-17T05:27:23.472Z] >>> [apiv2][body] POST https://upload-firebasehosting.googleapis.com/upload/sites/peervest-web/versions/278035ea772c82d6/files/d1f253a53c7a6540146335567b5e83b1bb44dd3399cb753472b594f02c4bba41 [stream]
[debug] [2021-11-17T05:27:23.479Z] >>> [apiv2][query] POST https://upload-firebasehosting.googleapis.com/upload/sites/peervest-web/versions/278035ea772c82d6/files/4cc64682ee39ecf9bbb061d62b166363fdfd13099d84c1b338bb996b3431d5d2 [none]
[debug] [2021-11-17T05:27:23.479Z] >>> [apiv2][body] POST https://upload-firebasehosting.googleapis.com/upload/sites/peervest-web/versions/278035ea772c82d6/files/4cc64682ee39ecf9bbb061d62b166363fdfd13099d84c1b338bb996b3431d5d2 [stream]
[debug] [2021-11-17T05:27:23.486Z] >>> [apiv2][query] POST https://upload-firebasehosting.googleapis.com/upload/sites/peervest-web/versions/278035ea772c82d6/files/188e39be609b1943b1ef91c927c6b923fe9aa98fcf8a6d3e8527611f72d0a9d7 [none]
[debug] [2021-11-17T05:27:23.487Z] >>> [apiv2][body] POST https://upload-firebasehosting.googleapis.com/upload/sites/peervest-web/versions/278035ea772c82d6/files/188e39be609b1943b1ef91c927c6b923fe9aa98fcf8a6d3e8527611f72d0a9d7 [stream]
[debug] [2021-11-17T05:27:23.495Z] >>> [apiv2][query] POST https://upload-firebasehosting.googleapis.com/upload/sites/peervest-web/versions/278035ea772c82d6/files/960e94f53087ac7d3a0b3b29b50682dbfefe3a5c60fde57eae260a40723c1f66 [none]
[debug] [2021-11-17T05:27:23.496Z] >>> [apiv2][body] POST https://upload-firebasehosting.googleapis.com/upload/sites/peervest-web/versions/278035ea772c82d6/files/960e94f53087ac7d3a0b3b29b50682dbfefe3a5c60fde57eae260a40723c1f66 [stream]
[debug] [2021-11-17T05:27:23.504Z] >>> [apiv2][query] POST https://upload-firebasehosting.googleapis.com/upload/sites/peervest-web/versions/278035ea772c82d6/files/498da6a312fb82f235ec69410ed70974c7307731f5f26e16418770ea2ade723a [none]
[debug] [2021-11-17T05:27:23.504Z] >>> [apiv2][body] POST https://upload-firebasehosting.googleapis.com/upload/sites/peervest-web/versions/278035ea772c82d6/files/498da6a312fb82f235ec69410ed70974c7307731f5f26e16418770ea2ade723a [stream]
[debug] [2021-11-17T05:27:23.509Z] >>> [apiv2][query] POST https://upload-firebasehosting.googleapis.com/upload/sites/peervest-web/versions/278035ea772c82d6/files/0a3c2f37e4afe06fa99313be0fd60d906c933a465294c22338a39476e532b513 [none]
[debug] [2021-11-17T05:27:23.510Z] >>> [apiv2][body] POST https://upload-firebasehosting.googleapis.com/upload/sites/peervest-web/versions/278035ea772c82d6/files/0a3c2f37e4afe06fa99313be0fd60d906c933a465294c22338a39476e532b513 [stream]
[debug] [2021-11-17T05:27:23.515Z] >>> [apiv2][query] POST https://upload-firebasehosting.googleapis.com/upload/sites/peervest-web/versions/278035ea772c82d6/files/aa6ade63d8c45ebdd4a2ec93836cfffd0ee4929ed73bd958ea387b5a7bc2330e [none]
[debug] [2021-11-17T05:27:23.515Z] >>> [apiv2][body] POST https://upload-firebasehosting.googleapis.com/upload/sites/peervest-web/versions/278035ea772c82d6/files/aa6ade63d8c45ebdd4a2ec93836cfffd0ee4929ed73bd958ea387b5a7bc2330e [stream]
[debug] [2021-11-17T05:27:23.517Z] >>> [apiv2][query] POST https://upload-firebasehosting.googleapis.com/upload/sites/peervest-web/versions/278035ea772c82d6/files/9b1cec080c6c79da77859f251f2cdb1b6599b9b22f1c0e07cbfae5f877a86f0c [none]
[debug] [2021-11-17T05:27:23.518Z] >>> [apiv2][body] POST https://upload-firebasehosting.googleapis.com/upload/sites/peervest-web/versions/278035ea772c82d6/files/9b1cec080c6c79da77859f251f2cdb1b6599b9b22f1c0e07cbfae5f877a86f0c [stream]
[debug] [2021-11-17T05:27:23.520Z] >>> [apiv2][query] POST https://upload-firebasehosting.googleapis.com/upload/sites/peervest-web/versions/278035ea772c82d6/files/1ec0a7d044689f2fc67ce7d1e9f26d8c8a51c8d13fa848feab7bcd9870cb6042 [none]
[debug] [2021-11-17T05:27:23.520Z] >>> [apiv2][body] POST https://upload-firebasehosting.googleapis.com/upload/sites/peervest-web/versions/278035ea772c82d6/files/1ec0a7d044689f2fc67ce7d1e9f26d8c8a51c8d13fa848feab7bcd9870cb6042 [stream]
[debug] [2021-11-17T05:27:23.522Z] [hosting][populate queue][FINAL] {"max":7283,"min":7283,"avg":7283,"active":0,"complete":1,"success":1,"errored":0,"retried":0,"total":1,"elapsed":7399}
[debug] [2021-11-17T05:27:23.522Z] [hosting] uploads queued: 16
